# JRE version: OpenJDK Runtime Environment Microsoft-40648 (11.0.16.1+1) (build 11.0.16.1+1-LTS)
# Java VM: OpenJDK 64-Bit Server VM Microsoft-40648 (11.0.16.1+1-LTS, mixed mode, tiered, compressed oops, g1 gc, windows-amd64)
Heap:
 garbage-first heap   total 381952K, used 79046K [0x0000000720e00000, 0x0000000800000000)
  region size 1024K, 11 young (11264K), 11 survivors (11264K)
 Metaspace       used 18248K, capacity 18542K, committed 18688K, reserved 1067008K
  class space    used 1658K, capacity 1785K, committed 1792K, reserved 1048576K
GC Heap History (20 events):
Event: 1.456 GC heap after
{Heap after GC invocations=34 (full 0):
 garbage-first heap   total 57344K, used 18596K [0x0000000720e00000, 0x0000000800000000)
  region size 1024K, 1 young (1024K), 1 survivors (1024K)
 Metaspace       used 13782K, capacity 14068K, committed 14336K, reserved 1062912K
  class space    used 1409K, capacity 1503K, committed 1536K, reserved 1048576K
}
Event: 1.704 GC heap before
{Heap before GC invocations=35 (full 0):
 garbage-first heap   total 57344K, used 37028K [0x0000000720e00000, 0x0000000800000000)
  region size 1024K, 15 young (15360K), 1 survivors (1024K)
 Metaspace       used 13887K, capacity 14197K, committed 14336K, reserved 1062912K
  class space    used 1409K, capacity 1503K, committed 1536K, reserved 1048576K
}
Event: 1.711 GC heap after
{Heap after GC invocations=36 (full 0):
 garbage-first heap   total 57344K, used 24154K [0x0000000720e00000, 0x0000000800000000)
  region size 1024K, 2 young (2048K), 2 survivors (2048K)
 Metaspace       used 13887K, capacity 14197K, committed 14336K, reserved 1062912K
  class space    used 1409K, capacity 1503K, committed 1536K, reserved 1048576K
}
Event: 1.928 GC heap before
{Heap before GC invocations=36 (full 0):
 garbage-first heap   total 57344K, used 37466K [0x0000000720e00000, 0x0000000800000000)
  region size 1024K, 13 young (13312K), 2 survivors (2048K)
 Metaspace       used 14932K, capacity 15206K, committed 15488K, reserved 1062912K
  class space    used 1491K, capacity 1604K, committed 1664K, reserved 1048576K
}
Event: 1.936 GC heap after
{Heap after GC invocations=37 (full 0):
 garbage-first heap   total 114688K, used 30612K [0x0000000720e00000, 0x0000000800000000)
  region size 1024K, 2 young (2048K), 2 survivors (2048K)
 Metaspace       used 14932K, capacity 15206K, committed 15488K, reserved 1062912K
  class space    used 1491K, capacity 1604K, committed 1664K, reserved 1048576K
}
Event: 2.431 GC heap before
{Heap before GC invocations=37 (full 0):
 garbage-first heap   total 114688K, used 56212K [0x0000000720e00000, 0x0000000800000000)
  region size 1024K, 27 young (27648K), 2 survivors (2048K)
 Metaspace       used 15801K, capacity 16117K, committed 16384K, reserved 1064960K
  class space    used 1553K, capacity 1692K, committed 1792K, reserved 1048576K
}
Event: 2.451 GC heap after
{Heap after GC invocations=38 (full 0):
 garbage-first heap   total 114688K, used 43355K [0x0000000720e00000, 0x0000000800000000)
  region size 1024K, 4 young (4096K), 4 survivors (4096K)
 Metaspace       used 15801K, capacity 16117K, committed 16384K, reserved 1064960K
  class space    used 1553K, capacity 1692K, committed 1792K, reserved 1048576K
}
Event: 2.584 GC heap before
{Heap before GC invocations=38 (full 0):
 garbage-first heap   total 114688K, used 67931K [0x0000000720e00000, 0x0000000800000000)
  region size 1024K, 28 young (28672K), 4 survivors (4096K)
 Metaspace       used 16079K, capacity 16392K, committed 16640K, reserved 1064960K
  class space    used 1559K, capacity 1695K, committed 1792K, reserved 1048576K
}
Event: 2.614 GC heap after
{Heap after GC invocations=39 (full 0):
 garbage-first heap   total 114688K, used 56832K [0x0000000720e00000, 0x0000000800000000)
  region size 1024K, 4 young (4096K), 4 survivors (4096K)
 Metaspace       used 16079K, capacity 16392K, committed 16640K, reserved 1064960K
  class space    used 1559K, capacity 1695K, committed 1792K, reserved 1048576K
}
Event: 2.636 GC heap before
{Heap before GC invocations=39 (full 0):
 garbage-first heap   total 114688K, used 59904K [0x0000000720e00000, 0x0000000800000000)
  region size 1024K, 8 young (8192K), 4 survivors (4096K)
 Metaspace       used 16108K, capacity 16393K, committed 16640K, reserved 1064960K
  class space    used 1559K, capacity 1695K, committed 1792K, reserved 1048576K
}
Event: 2.647 GC heap after
{Heap after GC invocations=40 (full 0):
 garbage-first heap   total 114688K, used 58368K [0x0000000720e00000, 0x0000000800000000)
  region size 1024K, 1 young (1024K), 1 survivors (1024K)
 Metaspace       used 16108K, capacity 16393K, committed 16640K, reserved 1064960K
  class space    used 1559K, capacity 1695K, committed 1792K, reserved 1048576K
}
Event: 2.775 GC heap before
{Heap before GC invocations=41 (full 0):
 garbage-first heap   total 114688K, used 76800K [0x0000000720e00000, 0x0000000800000000)
  region size 1024K, 17 young (17408K), 1 survivors (1024K)
 Metaspace       used 16154K, capacity 16461K, committed 16640K, reserved 1064960K
  class space    used 1560K, capacity 1696K, committed 1792K, reserved 1048576K
}
Event: 2.789 GC heap after
{Heap after GC invocations=42 (full 0):
 garbage-first heap   total 248832K, used 62464K [0x0000000720e00000, 0x0000000800000000)
  region size 1024K, 3 young (3072K), 3 survivors (3072K)
 Metaspace       used 16154K, capacity 16461K, committed 16640K, reserved 1064960K
  class space    used 1560K, capacity 1696K, committed 1792K, reserved 1048576K
}
Event: 4.131 GC heap before
{Heap before GC invocations=42 (full 0):
 garbage-first heap   total 248832K, used 118784K [0x0000000720e00000, 0x0000000800000000)
  region size 1024K, 58 young (59392K), 3 survivors (3072K)
 Metaspace       used 17843K, capacity 18149K, committed 18176K, reserved 1064960K
  class space    used 1658K, capacity 1785K, committed 1792K, reserved 1048576K
}
Event: 4.144 GC heap after
{Heap after GC invocations=43 (full 0):
 garbage-first heap   total 248832K, used 67958K [0x0000000720e00000, 0x0000000800000000)
  region size 1024K, 8 young (8192K), 8 survivors (8192K)
 Metaspace       used 17843K, capacity 18149K, committed 18176K, reserved 1064960K
  class space    used 1658K, capacity 1785K, committed 1792K, reserved 1048576K
}
Event: 4.636 GC heap before
{Heap before GC invocations=43 (full 0):
 garbage-first heap   total 248832K, used 139638K [0x0000000720e00000, 0x0000000800000000)
  region size 1024K, 78 young (79872K), 8 survivors (8192K)
 Metaspace       used 18085K, capacity 18407K, committed 18432K, reserved 1067008K
  class space    used 1658K, capacity 1785K, committed 1792K, reserved 1048576K
}
Event: 4.650 GC heap after
{Heap after GC invocations=44 (full 0):
 garbage-first heap   total 248832K, used 71462K [0x0000000720e00000, 0x0000000800000000)
  region size 1024K, 4 young (4096K), 4 survivors (4096K)
 Metaspace       used 18085K, capacity 18407K, committed 18432K, reserved 1067008K
  class space    used 1658K, capacity 1785K, committed 1792K, reserved 1048576K
}
Event: 5.209 GC heap before
{Heap before GC invocations=44 (full 0):
 garbage-first heap   total 248832K, used 154406K [0x0000000720e00000, 0x0000000800000000)
  region size 1024K, 85 young (87040K), 4 survivors (4096K)
 Metaspace       used 18208K, capacity 18542K, committed 18688K, reserved 1067008K
  class space    used 1658K, capacity 1785K, committed 1792K, reserved 1048576K
}
Event: 5.216 GC heap after
{Heap after GC invocations=45 (full 0):
 garbage-first heap   total 248832K, used 74789K [0x0000000720e00000, 0x0000000800000000)
  region size 1024K, 7 young (7168K), 7 survivors (7168K)
 Metaspace       used 18208K, capacity 18542K, committed 18688K, reserved 1067008K
  class space    used 1658K, capacity 1785K, committed 1792K, reserved 1048576K
}
Event: 5.753 GC heap before
{Heap before GC invocations=45 (full 0):
 garbage-first heap   total 248832K, used 172069K [0x0000000720e00000, 0x0000000800000000)
  region size 1024K, 102 young (104448K), 7 survivors (7168K)
 Metaspace       used 18248K, capacity 18542K, committed 18688K, reserved 1067008K
  class space    used 1658K, capacity 1785K, committed 1792K, reserved 1048576K
}

