# JRE version: OpenJDK Runtime Environment Microsoft-40648 (11.0.16.1+1) (build 11.0.16.1+1-LTS)
# Java VM: OpenJDK 64-Bit Server VM Microsoft-40648 (11.0.16.1+1-LTS, mixed mode, tiered, compressed oops, g1 gc, windows-amd64)
Heap:
 garbage-first heap   total 229376K, used 80304K [0x00000000c0000000, 0x0000000100000000)
  region size 1024K, 32 young (32768K), 10 survivors (10240K)
 Metaspace       used 14413K, capacity 14626K, committed 14976K, reserved 1062912K
  class space    used 1434K, capacity 1544K, committed 1664K, reserved 1048576K
GC Heap History (12 events):
Event: 0.641 GC heap before
{Heap before GC invocations=0 (full 0):
 garbage-first heap   total 229376K, used 32768K [0x00000000c0000000, 0x0000000100000000)
  region size 1024K, 24 young (24576K), 0 survivors (0K)
 Metaspace       used 10933K, capacity 11043K, committed 11136K, reserved 1058816K
  class space    used 1034K, capacity 1105K, committed 1152K, reserved 1048576K
}
Event: 0.645 GC heap after
{Heap after GC invocations=1 (full 0):
 garbage-first heap   total 229376K, used 7823K [0x00000000c0000000, 0x0000000100000000)
  region size 1024K, 3 young (3072K), 3 survivors (3072K)
 Metaspace       used 10933K, capacity 11043K, committed 11136K, reserved 1058816K
  class space    used 1034K, capacity 1105K, committed 1152K, reserved 1048576K
}
Event: 0.674 GC heap before
{Heap before GC invocations=1 (full 0):
 garbage-first heap   total 229376K, used 21135K [0x00000000c0000000, 0x0000000100000000)
  region size 1024K, 11 young (11264K), 3 survivors (3072K)
 Metaspace       used 10951K, capacity 11107K, committed 11392K, reserved 1058816K
  class space    used 1034K, capacity 1105K, committed 1152K, reserved 1048576K
}
Event: 0.679 GC heap after
{Heap after GC invocations=2 (full 0):
 garbage-first heap   total 229376K, used 14864K [0x00000000c0000000, 0x0000000100000000)
  region size 1024K, 2 young (2048K), 2 survivors (2048K)
 Metaspace       used 10951K, capacity 11107K, committed 11392K, reserved 1058816K
  class space    used 1034K, capacity 1105K, committed 1152K, reserved 1048576K
}
Event: 0.817 GC heap before
{Heap before GC invocations=2 (full 0):
 garbage-first heap   total 229376K, used 35344K [0x00000000c0000000, 0x0000000100000000)
  region size 1024K, 23 young (23552K), 2 survivors (2048K)
 Metaspace       used 11671K, capacity 11867K, committed 11904K, reserved 1060864K
  class space    used 1103K, capacity 1146K, committed 1152K, reserved 1048576K
}
Event: 0.819 GC heap after
{Heap after GC invocations=3 (full 0):
 garbage-first heap   total 229376K, used 16516K [0x00000000c0000000, 0x0000000100000000)
  region size 1024K, 3 young (3072K), 3 survivors (3072K)
 Metaspace       used 11671K, capacity 11867K, committed 11904K, reserved 1060864K
  class space    used 1103K, capacity 1146K, committed 1152K, reserved 1048576K
}
Event: 1.038 GC heap before
{Heap before GC invocations=3 (full 0):
 garbage-first heap   total 229376K, used 66692K [0x00000000c0000000, 0x0000000100000000)
  region size 1024K, 52 young (53248K), 3 survivors (3072K)
 Metaspace       used 11676K, capacity 11867K, committed 11904K, reserved 1060864K
  class space    used 1103K, capacity 1146K, committed 1152K, reserved 1048576K
}
Event: 1.042 GC heap after
{Heap after GC invocations=4 (full 0):
 garbage-first heap   total 229376K, used 26779K [0x00000000c0000000, 0x0000000100000000)
  region size 1024K, 7 young (7168K), 7 survivors (7168K)
 Metaspace       used 11676K, capacity 11867K, committed 11904K, reserved 1060864K
  class space    used 1103K, capacity 1146K, committed 1152K, reserved 1048576K
}
Event: 1.364 GC heap before
{Heap before GC invocations=4 (full 0):
 garbage-first heap   total 229376K, used 90267K [0x00000000c0000000, 0x0000000100000000)
  region size 1024K, 69 young (70656K), 7 survivors (7168K)
 Metaspace       used 13463K, capacity 13688K, committed 13824K, reserved 1060864K
  class space    used 1317K, capacity 1426K, committed 1536K, reserved 1048576K
}
Event: 1.384 GC heap after
{Heap after GC invocations=5 (full 0):
 garbage-first heap   total 229376K, used 42334K [0x00000000c0000000, 0x0000000100000000)
  region size 1024K, 9 young (9216K), 9 survivors (9216K)
 Metaspace       used 13463K, capacity 13688K, committed 13824K, reserved 1060864K
  class space    used 1317K, capacity 1426K, committed 1536K, reserved 1048576K
}
Event: 1.573 GC heap before
{Heap before GC invocations=5 (full 0):
 garbage-first heap   total 229376K, used 106846K [0x00000000c0000000, 0x0000000100000000)
  region size 1024K, 73 young (74752K), 9 survivors (9216K)
 Metaspace       used 13592K, capacity 13821K, committed 14080K, reserved 1062912K
  class space    used 1317K, capacity 1426K, committed 1536K, reserved 1048576K
}
Event: 1.606 GC heap after
{Heap after GC invocations=6 (full 0):
 garbage-first heap   total 229376K, used 58800K [0x00000000c0000000, 0x0000000100000000)
  region size 1024K, 10 young (10240K), 10 survivors (10240K)
 Metaspace       used 13592K, capacity 13821K, committed 14080K, reserved 1062912K
  class space    used 1317K, capacity 1426K, committed 1536K, reserved 1048576K
}

