# JRE version: OpenJDK Runtime Environment Microsoft-40648 (11.0.16.1+1) (build 11.0.16.1+1-LTS)
# Java VM: OpenJDK 64-Bit Server VM Microsoft-40648 (11.0.16.1+1-LTS, mixed mode, tiered, compressed oops, g1 gc, windows-amd64)
Heap:
 garbage-first heap   total 367616K, used 202298K [0x00000000c0000000, 0x0000000100000000)
  region size 1024K, 67 young (68608K), 3 survivors (3072K)
 Metaspace       used 23549K, capacity 24141K, committed 24448K, reserved 1071104K
  class space    used 2612K, capacity 2885K, committed 2944K, reserved 1048576K
GC Heap History (20 events):
Event: 24.659 GC heap before
{Heap before GC invocations=11 (full 0):
 garbage-first heap   total 229376K, used 154978K [0x00000000c0000000, 0x0000000100000000)
  region size 1024K, 65 young (66560K), 9 survivors (9216K)
 Metaspace       used 16944K, capacity 17270K, committed 17280K, reserved 1064960K
  class space    used 1740K, capacity 1917K, committed 1920K, reserved 1048576K
}
Event: 24.679 GC heap after
{Heap after GC invocations=12 (full 0):
 garbage-first heap   total 229376K, used 108316K [0x00000000c0000000, 0x0000000100000000)
  region size 1024K, 9 young (9216K), 9 survivors (9216K)
 Metaspace       used 16944K, capacity 17270K, committed 17280K, reserved 1064960K
  class space    used 1740K, capacity 1917K, committed 1920K, reserved 1048576K
}
Event: 24.743 GC heap before
{Heap before GC invocations=12 (full 0):
 garbage-first heap   total 229376K, used 163612K [0x00000000c0000000, 0x0000000100000000)
  region size 1024K, 63 young (64512K), 9 survivors (9216K)
 Metaspace       used 16947K, capacity 17270K, committed 17280K, reserved 1064960K
  class space    used 1740K, capacity 1917K, committed 1920K, reserved 1048576K
}
Event: 24.761 GC heap after
{Heap after GC invocations=13 (full 0):
 garbage-first heap   total 229376K, used 118784K [0x00000000c0000000, 0x0000000100000000)
  region size 1024K, 8 young (8192K), 8 survivors (8192K)
 Metaspace       used 16947K, capacity 17270K, committed 17280K, reserved 1064960K
  class space    used 1740K, capacity 1917K, committed 1920K, reserved 1048576K
}
Event: 24.763 GC heap before
{Heap before GC invocations=13 (full 0):
 garbage-first heap   total 229376K, used 119808K [0x00000000c0000000, 0x0000000100000000)
  region size 1024K, 10 young (10240K), 8 survivors (8192K)
 Metaspace       used 16947K, capacity 17270K, committed 17280K, reserved 1064960K
  class space    used 1740K, capacity 1917K, committed 1920K, reserved 1048576K
}
Event: 24.771 GC heap after
{Heap after GC invocations=14 (full 0):
 garbage-first heap   total 229376K, used 121167K [0x00000000c0000000, 0x0000000100000000)
  region size 1024K, 2 young (2048K), 2 survivors (2048K)
 Metaspace       used 16947K, capacity 17270K, committed 17280K, reserved 1064960K
  class space    used 1740K, capacity 1917K, committed 1920K, reserved 1048576K
}
Event: 24.820 GC heap before
{Heap before GC invocations=14 (full 0):
 garbage-first heap   total 229376K, used 158031K [0x00000000c0000000, 0x0000000100000000)
  region size 1024K, 37 young (37888K), 2 survivors (2048K)
 Metaspace       used 16947K, capacity 17270K, committed 17280K, reserved 1064960K
  class space    used 1740K, capacity 1917K, committed 1920K, reserved 1048576K
}
Event: 24.829 GC heap after
{Heap after GC invocations=15 (full 0):
 garbage-first heap   total 229376K, used 128349K [0x00000000c0000000, 0x0000000100000000)
  region size 1024K, 5 young (5120K), 5 survivors (5120K)
 Metaspace       used 16947K, capacity 17270K, committed 17280K, reserved 1064960K
  class space    used 1740K, capacity 1917K, committed 1920K, reserved 1048576K
}
Event: 24.915 GC heap before
{Heap before GC invocations=15 (full 0):
 garbage-first heap   total 229376K, used 164189K [0x00000000c0000000, 0x0000000100000000)
  region size 1024K, 40 young (40960K), 5 survivors (5120K)
 Metaspace       used 16948K, capacity 17270K, committed 17280K, reserved 1064960K
  class space    used 1740K, capacity 1917K, committed 1920K, reserved 1048576K
}
Event: 24.928 GC heap after
{Heap after GC invocations=16 (full 0):
 garbage-first heap   total 229376K, used 134834K [0x00000000c0000000, 0x0000000100000000)
  region size 1024K, 5 young (5120K), 5 survivors (5120K)
 Metaspace       used 16948K, capacity 17270K, committed 17280K, reserved 1064960K
  class space    used 1740K, capacity 1917K, committed 1920K, reserved 1048576K
}
Event: 24.981 GC heap before
{Heap before GC invocations=16 (full 0):
 garbage-first heap   total 229376K, used 169650K [0x00000000c0000000, 0x0000000100000000)
  region size 1024K, 39 young (39936K), 5 survivors (5120K)
 Metaspace       used 16835K, capacity 17087K, committed 17280K, reserved 1064960K
  class space    used 1701K, capacity 1845K, committed 1920K, reserved 1048576K
}
Event: 24.995 GC heap after
{Heap after GC invocations=17 (full 0):
 garbage-first heap   total 229376K, used 141534K [0x00000000c0000000, 0x0000000100000000)
  region size 1024K, 5 young (5120K), 5 survivors (5120K)
 Metaspace       used 16835K, capacity 17087K, committed 17280K, reserved 1064960K
  class space    used 1701K, capacity 1845K, committed 1920K, reserved 1048576K
}
Event: 25.440 GC heap before
{Heap before GC invocations=18 (full 0):
 garbage-first heap   total 229376K, used 174302K [0x00000000c0000000, 0x0000000100000000)
  region size 1024K, 38 young (38912K), 5 survivors (5120K)
 Metaspace       used 21417K, capacity 21988K, committed 22272K, reserved 1069056K
  class space    used 2464K, capacity 2722K, committed 2816K, reserved 1048576K
}
Event: 25.452 GC heap after
{Heap after GC invocations=19 (full 0):
 garbage-first heap   total 229376K, used 145476K [0x00000000c0000000, 0x0000000100000000)
  region size 1024K, 4 young (4096K), 4 survivors (4096K)
 Metaspace       used 21417K, capacity 21988K, committed 22272K, reserved 1069056K
  class space    used 2464K, capacity 2722K, committed 2816K, reserved 1048576K
}
Event: 25.526 GC heap before
{Heap before GC invocations=19 (full 0):
 garbage-first heap   total 229376K, used 152644K [0x00000000c0000000, 0x0000000100000000)
  region size 1024K, 11 young (11264K), 4 survivors (4096K)
 Metaspace       used 21698K, capacity 22269K, committed 22528K, reserved 1069056K
  class space    used 2510K, capacity 2792K, committed 2816K, reserved 1048576K
}
Event: 25.541 GC heap after
{Heap after GC invocations=20 (full 0):
 garbage-first heap   total 367616K, used 134714K [0x00000000c0000000, 0x0000000100000000)
  region size 1024K, 1 young (1024K), 1 survivors (1024K)
 Metaspace       used 21698K, capacity 22269K, committed 22528K, reserved 1069056K
  class space    used 2510K, capacity 2792K, committed 2816K, reserved 1048576K
}
Event: 26.034 GC heap before
{Heap before GC invocations=20 (full 0):
 garbage-first heap   total 367616K, used 214586K [0x00000000c0000000, 0x0000000100000000)
  region size 1024K, 79 young (80896K), 1 survivors (1024K)
 Metaspace       used 23129K, capacity 23768K, committed 23936K, reserved 1071104K
  class space    used 2605K, capacity 2872K, committed 2944K, reserved 1048576K
}
Event: 26.038 GC heap after
{Heap after GC invocations=21 (full 0):
 garbage-first heap   total 367616K, used 135397K [0x00000000c0000000, 0x0000000100000000)
  region size 1024K, 2 young (2048K), 2 survivors (2048K)
 Metaspace       used 23129K, capacity 23768K, committed 23936K, reserved 1071104K
  class space    used 2605K, capacity 2872K, committed 2944K, reserved 1048576K
}
Event: 26.595 GC heap before
{Heap before GC invocations=21 (full 0):
 garbage-first heap   total 367616K, used 245989K [0x00000000c0000000, 0x0000000100000000)
  region size 1024K, 109 young (111616K), 2 survivors (2048K)
 Metaspace       used 23522K, capacity 24141K, committed 24448K, reserved 1071104K
  class space    used 2612K, capacity 2885K, committed 2944K, reserved 1048576K
}
Event: 26.600 GC heap after
{Heap after GC invocations=22 (full 0):
 garbage-first heap   total 367616K, used 137786K [0x00000000c0000000, 0x0000000100000000)
  region size 1024K, 3 young (3072K), 3 survivors (3072K)
 Metaspace       used 23522K, capacity 24141K, committed 24448K, reserved 1071104K
  class space    used 2612K, capacity 2885K, committed 2944K, reserved 1048576K
}

