# JRE version: OpenJDK Runtime Environment Microsoft-40648 (11.0.16.1+1) (build 11.0.16.1+1-LTS)
# Java VM: OpenJDK 64-Bit Server VM Microsoft-40648 (11.0.16.1+1-LTS, mixed mode, tiered, compressed oops, g1 gc, windows-amd64)
Heap:
 garbage-first heap   total 287744K, used 168909K [0x00000000c0000000, 0x0000000100000000)
  region size 1024K, 35 young (35840K), 1 survivors (1024K)
 Metaspace       used 22794K, capacity 23383K, committed 23680K, reserved 1071104K
  class space    used 2568K, capacity 2834K, committed 2944K, reserved 1048576K
GC Heap History (20 events):
Event: 24.770 GC heap before
{Heap before GC invocations=9 (full 0):
 garbage-first heap   total 229376K, used 133740K [0x00000000c0000000, 0x0000000100000000)
  region size 1024K, 64 young (65536K), 8 survivors (8192K)
 Metaspace       used 15134K, capacity 15453K, committed 15488K, reserved 1062912K
  class space    used 1522K, capacity 1645K, committed 1664K, reserved 1048576K
}
Event: 24.792 GC heap after
{Heap after GC invocations=10 (full 0):
 garbage-first heap   total 229376K, used 87779K [0x00000000c0000000, 0x0000000100000000)
  region size 1024K, 8 young (8192K), 8 survivors (8192K)
 Metaspace       used 15134K, capacity 15453K, committed 15488K, reserved 1062912K
  class space    used 1522K, capacity 1645K, committed 1664K, reserved 1048576K
}
Event: 24.874 GC heap before
{Heap before GC invocations=10 (full 0):
 garbage-first heap   total 229376K, used 144099K [0x00000000c0000000, 0x0000000100000000)
  region size 1024K, 63 young (64512K), 8 survivors (8192K)
 Metaspace       used 15137K, capacity 15453K, committed 15488K, reserved 1062912K
  class space    used 1522K, capacity 1645K, committed 1664K, reserved 1048576K
}
Event: 24.894 GC heap after
{Heap after GC invocations=11 (full 0):
 garbage-first heap   total 229376K, used 99046K [0x00000000c0000000, 0x0000000100000000)
  region size 1024K, 8 young (8192K), 8 survivors (8192K)
 Metaspace       used 15137K, capacity 15453K, committed 15488K, reserved 1062912K
  class space    used 1522K, capacity 1645K, committed 1664K, reserved 1048576K
}
Event: 25.434 GC heap before
{Heap before GC invocations=11 (full 0):
 garbage-first heap   total 229376K, used 154342K [0x00000000c0000000, 0x0000000100000000)
  region size 1024K, 62 young (63488K), 8 survivors (8192K)
 Metaspace       used 16897K, capacity 17225K, committed 17280K, reserved 1064960K
  class space    used 1730K, capacity 1898K, committed 1920K, reserved 1048576K
}
Event: 25.454 GC heap after
{Heap after GC invocations=12 (full 0):
 garbage-first heap   total 229376K, used 110389K [0x00000000c0000000, 0x0000000100000000)
  region size 1024K, 8 young (8192K), 8 survivors (8192K)
 Metaspace       used 16897K, capacity 17225K, committed 17280K, reserved 1064960K
  class space    used 1730K, capacity 1898K, committed 1920K, reserved 1048576K
}
Event: 25.548 GC heap before
{Heap before GC invocations=12 (full 0):
 garbage-first heap   total 229376K, used 163637K [0x00000000c0000000, 0x0000000100000000)
  region size 1024K, 60 young (61440K), 8 survivors (8192K)
 Metaspace       used 16899K, capacity 17225K, committed 17280K, reserved 1064960K
  class space    used 1730K, capacity 1898K, committed 1920K, reserved 1048576K
}
Event: 25.567 GC heap after
{Heap after GC invocations=13 (full 0):
 garbage-first heap   total 229376K, used 120598K [0x00000000c0000000, 0x0000000100000000)
  region size 1024K, 8 young (8192K), 8 survivors (8192K)
 Metaspace       used 16899K, capacity 17225K, committed 17280K, reserved 1064960K
  class space    used 1730K, capacity 1898K, committed 1920K, reserved 1048576K
}
Event: 25.576 GC heap before
{Heap before GC invocations=13 (full 0):
 garbage-first heap   total 229376K, used 127766K [0x00000000c0000000, 0x0000000100000000)
  region size 1024K, 16 young (16384K), 8 survivors (8192K)
 Metaspace       used 16899K, capacity 17225K, committed 17280K, reserved 1064960K
  class space    used 1730K, capacity 1898K, committed 1920K, reserved 1048576K
}
Event: 25.586 GC heap after
{Heap after GC invocations=14 (full 0):
 garbage-first heap   total 229376K, used 123907K [0x00000000c0000000, 0x0000000100000000)
  region size 1024K, 3 young (3072K), 3 survivors (3072K)
 Metaspace       used 16899K, capacity 17225K, committed 17280K, reserved 1064960K
  class space    used 1730K, capacity 1898K, committed 1920K, reserved 1048576K
}
Event: 25.652 GC heap before
{Heap before GC invocations=14 (full 0):
 garbage-first heap   total 229376K, used 160771K [0x00000000c0000000, 0x0000000100000000)
  region size 1024K, 38 young (38912K), 3 survivors (3072K)
 Metaspace       used 16899K, capacity 17225K, committed 17280K, reserved 1064960K
  class space    used 1730K, capacity 1898K, committed 1920K, reserved 1048576K
}
Event: 25.662 GC heap after
{Heap after GC invocations=15 (full 0):
 garbage-first heap   total 229376K, used 130726K [0x00000000c0000000, 0x0000000100000000)
  region size 1024K, 5 young (5120K), 5 survivors (5120K)
 Metaspace       used 16899K, capacity 17225K, committed 17280K, reserved 1064960K
  class space    used 1730K, capacity 1898K, committed 1920K, reserved 1048576K
}
Event: 25.738 GC heap before
{Heap before GC invocations=15 (full 0):
 garbage-first heap   total 229376K, used 166566K [0x00000000c0000000, 0x0000000100000000)
  region size 1024K, 40 young (40960K), 5 survivors (5120K)
 Metaspace       used 16899K, capacity 17225K, committed 17280K, reserved 1064960K
  class space    used 1730K, capacity 1898K, committed 1920K, reserved 1048576K
}
Event: 25.750 GC heap after
{Heap after GC invocations=16 (full 0):
 garbage-first heap   total 229376K, used 137547K [0x00000000c0000000, 0x0000000100000000)
  region size 1024K, 5 young (5120K), 5 survivors (5120K)
 Metaspace       used 16899K, capacity 17225K, committed 17280K, reserved 1064960K
  class space    used 1730K, capacity 1898K, committed 1920K, reserved 1048576K
}
Event: 25.843 GC heap before
{Heap before GC invocations=16 (full 0):
 garbage-first heap   total 229376K, used 170315K [0x00000000c0000000, 0x0000000100000000)
  region size 1024K, 39 young (39936K), 5 survivors (5120K)
 Metaspace       used 16815K, capacity 17088K, committed 17280K, reserved 1064960K
  class space    used 1701K, capacity 1845K, committed 1920K, reserved 1048576K
}
Event: 25.858 GC heap after
{Heap after GC invocations=17 (full 0):
 garbage-first heap   total 229376K, used 143253K [0x00000000c0000000, 0x0000000100000000)
  region size 1024K, 5 young (5120K), 5 survivors (5120K)
 Metaspace       used 16815K, capacity 17088K, committed 17280K, reserved 1064960K
  class space    used 1701K, capacity 1845K, committed 1920K, reserved 1048576K
}
Event: 26.636 GC heap before
{Heap before GC invocations=18 (full 0):
 garbage-first heap   total 229376K, used 178069K [0x00000000c0000000, 0x0000000100000000)
  region size 1024K, 39 young (39936K), 5 survivors (5120K)
 Metaspace       used 21482K, capacity 22099K, committed 22272K, reserved 1069056K
  class space    used 2460K, capacity 2715K, committed 2816K, reserved 1048576K
}
Event: 26.649 GC heap after
{Heap after GC invocations=19 (full 0):
 garbage-first heap   total 229376K, used 147823K [0x00000000c0000000, 0x0000000100000000)
  region size 1024K, 4 young (4096K), 4 survivors (4096K)
 Metaspace       used 21482K, capacity 22099K, committed 22272K, reserved 1069056K
  class space    used 2460K, capacity 2715K, committed 2816K, reserved 1048576K
}
Event: 26.758 GC heap before
{Heap before GC invocations=19 (full 0):
 garbage-first heap   total 229376K, used 154991K [0x00000000c0000000, 0x0000000100000000)
  region size 1024K, 11 young (11264K), 4 survivors (4096K)
 Metaspace       used 21884K, capacity 22540K, committed 22784K, reserved 1069056K
  class space    used 2515K, capacity 2794K, committed 2816K, reserved 1048576K
}
Event: 26.777 GC heap after
{Heap after GC invocations=20 (full 0):
 garbage-first heap   total 287744K, used 135117K [0x00000000c0000000, 0x0000000100000000)
  region size 1024K, 1 young (1024K), 1 survivors (1024K)
 Metaspace       used 21884K, capacity 22540K, committed 22784K, reserved 1069056K
  class space    used 2515K, capacity 2794K, committed 2816K, reserved 1048576K
}

