# JRE version: OpenJDK Runtime Environment Microsoft-40648 (11.0.16.1+1) (build 11.0.16.1+1-LTS)
# Java VM: OpenJDK 64-Bit Server VM Microsoft-40648 (11.0.16.1+1-LTS, mixed mode, tiered, compressed oops, g1 gc, windows-amd64)
Heap:
 garbage-first heap   total 267264K, used 98116K [0x0000000720e00000, 0x0000000800000000)
  region size 1024K, 35 young (35840K), 3 survivors (3072K)
 Metaspace       used 17933K, capacity 18260K, committed 18432K, reserved 1067008K
  class space    used 1661K, capacity 1785K, committed 1792K, reserved 1048576K
GC Heap History (20 events):
Event: 1.520 GC heap before
{Heap before GC invocations=31 (full 0):
 garbage-first heap   total 30720K, used 21174K [0x0000000720e00000, 0x0000000800000000)
  region size 1024K, 4 young (4096K), 1 survivors (1024K)
 Metaspace       used 13778K, capacity 14116K, committed 14336K, reserved 1062912K
  class space    used 1411K, capacity 1503K, committed 1536K, reserved 1048576K
}
Event: 1.521 GC heap after
{Heap after GC invocations=32 (full 0):
 garbage-first heap   total 30720K, used 18257K [0x0000000720e00000, 0x0000000800000000)
  region size 1024K, 1 young (1024K), 1 survivors (1024K)
 Metaspace       used 13778K, capacity 14116K, committed 14336K, reserved 1062912K
  class space    used 1411K, capacity 1503K, committed 1536K, reserved 1048576K
}
Event: 1.523 GC heap before
{Heap before GC invocations=32 (full 0):
 garbage-first heap   total 30720K, used 18257K [0x0000000720e00000, 0x0000000800000000)
  region size 1024K, 2 young (2048K), 1 survivors (1024K)
 Metaspace       used 13778K, capacity 14116K, committed 14336K, reserved 1062912K
  class space    used 1411K, capacity 1503K, committed 1536K, reserved 1048576K
}
Event: 1.525 GC heap after
{Heap after GC invocations=33 (full 0):
 garbage-first heap   total 61440K, used 18270K [0x0000000720e00000, 0x0000000800000000)
  region size 1024K, 1 young (1024K), 1 survivors (1024K)
 Metaspace       used 13778K, capacity 14116K, committed 14336K, reserved 1062912K
  class space    used 1411K, capacity 1503K, committed 1536K, reserved 1048576K
}
Event: 1.547 GC heap before
{Heap before GC invocations=34 (full 0):
 garbage-first heap   total 61440K, used 32606K [0x0000000720e00000, 0x0000000800000000)
  region size 1024K, 2 young (2048K), 1 survivors (1024K)
 Metaspace       used 13778K, capacity 14116K, committed 14336K, reserved 1062912K
  class space    used 1411K, capacity 1503K, committed 1536K, reserved 1048576K
}
Event: 1.549 GC heap after
{Heap after GC invocations=35 (full 0):
 garbage-first heap   total 61440K, used 18452K [0x0000000720e00000, 0x0000000800000000)
  region size 1024K, 1 young (1024K), 1 survivors (1024K)
 Metaspace       used 13778K, capacity 14116K, committed 14336K, reserved 1062912K
  class space    used 1411K, capacity 1503K, committed 1536K, reserved 1048576K
}
Event: 1.853 GC heap before
{Heap before GC invocations=36 (full 0):
 garbage-first heap   total 61440K, used 38932K [0x0000000720e00000, 0x0000000800000000)
  region size 1024K, 18 young (18432K), 1 survivors (1024K)
 Metaspace       used 13918K, capacity 14182K, committed 14336K, reserved 1062912K
  class space    used 1411K, capacity 1503K, committed 1536K, reserved 1048576K
}
Event: 1.863 GC heap after
{Heap after GC invocations=37 (full 0):
 garbage-first heap   total 61440K, used 24978K [0x0000000720e00000, 0x0000000800000000)
  region size 1024K, 3 young (3072K), 3 survivors (3072K)
 Metaspace       used 13918K, capacity 14182K, committed 14336K, reserved 1062912K
  class space    used 1411K, capacity 1503K, committed 1536K, reserved 1048576K
}
Event: 2.319 GC heap before
{Heap before GC invocations=37 (full 0):
 garbage-first heap   total 61440K, used 40338K [0x0000000720e00000, 0x0000000800000000)
  region size 1024K, 16 young (16384K), 3 survivors (3072K)
 Metaspace       used 15154K, capacity 15384K, committed 15488K, reserved 1062912K
  class space    used 1507K, capacity 1605K, committed 1664K, reserved 1048576K
}
Event: 2.327 GC heap after
{Heap after GC invocations=38 (full 0):
 garbage-first heap   total 61440K, used 31410K [0x0000000720e00000, 0x0000000800000000)
  region size 1024K, 2 young (2048K), 2 survivors (2048K)
 Metaspace       used 15154K, capacity 15384K, committed 15488K, reserved 1062912K
  class space    used 1507K, capacity 1605K, committed 1664K, reserved 1048576K
}
Event: 2.414 GC heap before
{Heap before GC invocations=38 (full 0):
 garbage-first heap   total 61440K, used 35506K [0x0000000720e00000, 0x0000000800000000)
  region size 1024K, 7 young (7168K), 2 survivors (2048K)
 Metaspace       used 15308K, capacity 15591K, committed 15744K, reserved 1062912K
  class space    used 1517K, capacity 1610K, committed 1664K, reserved 1048576K
}
Event: 2.419 GC heap after
{Heap after GC invocations=39 (full 0):
 garbage-first heap   total 122880K, used 32768K [0x0000000720e00000, 0x0000000800000000)
  region size 1024K, 1 young (1024K), 1 survivors (1024K)
 Metaspace       used 15308K, capacity 15591K, committed 15744K, reserved 1062912K
  class space    used 1517K, capacity 1610K, committed 1664K, reserved 1048576K
}
Event: 2.593 GC heap before
{Heap before GC invocations=40 (full 0):
 garbage-first heap   total 122880K, used 60416K [0x0000000720e00000, 0x0000000800000000)
  region size 1024K, 27 young (27648K), 1 survivors (1024K)
 Metaspace       used 15826K, capacity 16172K, committed 16384K, reserved 1064960K
  class space    used 1558K, capacity 1695K, committed 1792K, reserved 1048576K
}
Event: 2.623 GC heap after
{Heap after GC invocations=41 (full 0):
 garbage-first heap   total 122880K, used 51712K [0x0000000720e00000, 0x0000000800000000)
  region size 1024K, 4 young (4096K), 4 survivors (4096K)
 Metaspace       used 15826K, capacity 16172K, committed 16384K, reserved 1064960K
  class space    used 1558K, capacity 1695K, committed 1792K, reserved 1048576K
}
Event: 2.839 GC heap before
{Heap before GC invocations=41 (full 0):
 garbage-first heap   total 122880K, used 75264K [0x0000000720e00000, 0x0000000800000000)
  region size 1024K, 25 young (25600K), 4 survivors (4096K)
 Metaspace       used 16109K, capacity 16440K, committed 16640K, reserved 1064960K
  class space    used 1562K, capacity 1695K, committed 1792K, reserved 1048576K
}
Event: 2.864 GC heap after
{Heap after GC invocations=42 (full 0):
 garbage-first heap   total 122880K, used 59392K [0x0000000720e00000, 0x0000000800000000)
  region size 1024K, 4 young (4096K), 4 survivors (4096K)
 Metaspace       used 16109K, capacity 16440K, committed 16640K, reserved 1064960K
  class space    used 1562K, capacity 1695K, committed 1792K, reserved 1048576K
}
Event: 3.062 GC heap before
{Heap before GC invocations=42 (full 0):
 garbage-first heap   total 122880K, used 79872K [0x0000000720e00000, 0x0000000800000000)
  region size 1024K, 24 young (24576K), 4 survivors (4096K)
 Metaspace       used 16181K, capacity 16447K, committed 16640K, reserved 1064960K
  class space    used 1563K, capacity 1696K, committed 1792K, reserved 1048576K
}
Event: 3.083 GC heap after
{Heap after GC invocations=43 (full 0):
 garbage-first heap   total 122880K, used 63488K [0x0000000720e00000, 0x0000000800000000)
  region size 1024K, 3 young (3072K), 3 survivors (3072K)
 Metaspace       used 16181K, capacity 16447K, committed 16640K, reserved 1064960K
  class space    used 1563K, capacity 1696K, committed 1792K, reserved 1048576K
}
Event: 3.793 GC heap before
{Heap before GC invocations=43 (full 0):
 garbage-first heap   total 122880K, used 83968K [0x0000000720e00000, 0x0000000800000000)
  region size 1024K, 23 young (23552K), 3 survivors (3072K)
 Metaspace       used 17506K, capacity 17809K, committed 17920K, reserved 1064960K
  class space    used 1660K, capacity 1785K, committed 1792K, reserved 1048576K
}
Event: 3.813 GC heap after
{Heap after GC invocations=44 (full 0):
 garbage-first heap   total 267264K, used 66372K [0x0000000720e00000, 0x0000000800000000)
  region size 1024K, 3 young (3072K), 3 survivors (3072K)
 Metaspace       used 17506K, capacity 17809K, committed 17920K, reserved 1064960K
  class space    used 1660K, capacity 1785K, committed 1792K, reserved 1048576K
}

