# JRE version: OpenJDK Runtime Environment Microsoft-40648 (11.0.16.1+1) (build 11.0.16.1+1-LTS)
# Java VM: OpenJDK 64-Bit Server VM Microsoft-40648 (11.0.16.1+1-LTS, mixed mode, tiered, compressed oops, g1 gc, windows-amd64)
Heap:
 garbage-first heap   total 349184K, used 135943K [0x00000000c0000000, 0x0000000100000000)
  region size 1024K, 3 young (3072K), 3 survivors (3072K)
 Metaspace       used 22854K, capacity 23331K, committed 23936K, reserved 1071104K
  class space    used 2535K, capacity 2761K, committed 2944K, reserved 1048576K
GC Heap History (20 events):
Event: 24.559 GC heap after
{Heap after GC invocations=9 (full 0):
 garbage-first heap   total 229376K, used 78480K [0x00000000c0000000, 0x0000000100000000)
  region size 1024K, 9 young (9216K), 9 survivors (9216K)
 Metaspace       used 15165K, capacity 15454K, committed 15616K, reserved 1062912K
  class space    used 1536K, capacity 1672K, committed 1792K, reserved 1048576K
}
Event: 24.620 GC heap before
{Heap before GC invocations=9 (full 0):
 garbage-first heap   total 229376K, used 140944K [0x00000000c0000000, 0x0000000100000000)
  region size 1024K, 70 young (71680K), 9 survivors (9216K)
 Metaspace       used 15169K, capacity 15454K, committed 15616K, reserved 1062912K
  class space    used 1536K, capacity 1672K, committed 1792K, reserved 1048576K
}
Event: 24.642 GC heap after
{Heap after GC invocations=10 (full 0):
 garbage-first heap   total 229376K, used 90687K [0x00000000c0000000, 0x0000000100000000)
  region size 1024K, 9 young (9216K), 9 survivors (9216K)
 Metaspace       used 15169K, capacity 15454K, committed 15616K, reserved 1062912K
  class space    used 1536K, capacity 1672K, committed 1792K, reserved 1048576K
}
Event: 24.871 GC heap before
{Heap before GC invocations=10 (full 0):
 garbage-first heap   total 229376K, used 152127K [0x00000000c0000000, 0x0000000100000000)
  region size 1024K, 69 young (70656K), 9 survivors (9216K)
 Metaspace       used 16927K, capacity 17274K, committed 17280K, reserved 1064960K
  class space    used 1741K, capacity 1919K, committed 1920K, reserved 1048576K
}
Event: 24.892 GC heap after
{Heap after GC invocations=11 (full 0):
 garbage-first heap   total 229376K, used 102400K [0x00000000c0000000, 0x0000000100000000)
  region size 1024K, 9 young (9216K), 9 survivors (9216K)
 Metaspace       used 16927K, capacity 17274K, committed 17280K, reserved 1064960K
  class space    used 1741K, capacity 1919K, committed 1920K, reserved 1048576K
}
Event: 24.956 GC heap before
{Heap before GC invocations=11 (full 0):
 garbage-first heap   total 229376K, used 160768K [0x00000000c0000000, 0x0000000100000000)
  region size 1024K, 66 young (67584K), 9 survivors (9216K)
 Metaspace       used 16931K, capacity 17274K, committed 17280K, reserved 1064960K
  class space    used 1742K, capacity 1919K, committed 1920K, reserved 1048576K
}
Event: 24.974 GC heap after
{Heap after GC invocations=12 (full 0):
 garbage-first heap   total 229376K, used 113664K [0x00000000c0000000, 0x0000000100000000)
  region size 1024K, 9 young (9216K), 9 survivors (9216K)
 Metaspace       used 16931K, capacity 17274K, committed 17280K, reserved 1064960K
  class space    used 1742K, capacity 1919K, committed 1920K, reserved 1048576K
}
Event: 25.004 GC heap before
{Heap before GC invocations=12 (full 0):
 garbage-first heap   total 229376K, used 137216K [0x00000000c0000000, 0x0000000100000000)
  region size 1024K, 33 young (33792K), 9 survivors (9216K)
 Metaspace       used 16932K, capacity 17274K, committed 17280K, reserved 1064960K
  class space    used 1742K, capacity 1919K, committed 1920K, reserved 1048576K
}
Event: 25.018 GC heap after
{Heap after GC invocations=13 (full 0):
 garbage-first heap   total 229376K, used 120232K [0x00000000c0000000, 0x0000000100000000)
  region size 1024K, 5 young (5120K), 5 survivors (5120K)
 Metaspace       used 16932K, capacity 17274K, committed 17280K, reserved 1064960K
  class space    used 1742K, capacity 1919K, committed 1920K, reserved 1048576K
}
Event: 25.113 GC heap before
{Heap before GC invocations=13 (full 0):
 garbage-first heap   total 229376K, used 164264K [0x00000000c0000000, 0x0000000100000000)
  region size 1024K, 48 young (49152K), 5 survivors (5120K)
 Metaspace       used 16933K, capacity 17274K, committed 17280K, reserved 1064960K
  class space    used 1742K, capacity 1919K, committed 1920K, reserved 1048576K
}
Event: 25.127 GC heap after
{Heap after GC invocations=14 (full 0):
 garbage-first heap   total 229376K, used 129024K [0x00000000c0000000, 0x0000000100000000)
  region size 1024K, 6 young (6144K), 6 survivors (6144K)
 Metaspace       used 16933K, capacity 17274K, committed 17280K, reserved 1064960K
  class space    used 1742K, capacity 1919K, committed 1920K, reserved 1048576K
}
Event: 25.195 GC heap before
{Heap before GC invocations=14 (full 0):
 garbage-first heap   total 229376K, used 172032K [0x00000000c0000000, 0x0000000100000000)
  region size 1024K, 48 young (49152K), 6 survivors (6144K)
 Metaspace       used 16934K, capacity 17274K, committed 17280K, reserved 1064960K
  class space    used 1742K, capacity 1919K, committed 1920K, reserved 1048576K
}
Event: 25.210 GC heap after
{Heap after GC invocations=15 (full 0):
 garbage-first heap   total 229376K, used 137216K [0x00000000c0000000, 0x0000000100000000)
  region size 1024K, 6 young (6144K), 6 survivors (6144K)
 Metaspace       used 16934K, capacity 17274K, committed 17280K, reserved 1064960K
  class space    used 1742K, capacity 1919K, committed 1920K, reserved 1048576K
}
Event: 25.541 GC heap before
{Heap before GC invocations=16 (full 0):
 garbage-first heap   total 229376K, used 176128K [0x00000000c0000000, 0x0000000100000000)
  region size 1024K, 45 young (46080K), 6 survivors (6144K)
 Metaspace       used 20738K, capacity 21342K, committed 21632K, reserved 1069056K
  class space    used 2365K, capacity 2634K, committed 2688K, reserved 1048576K
}
Event: 25.557 GC heap after
{Heap after GC invocations=17 (full 0):
 garbage-first heap   total 229376K, used 143952K [0x00000000c0000000, 0x0000000100000000)
  region size 1024K, 6 young (6144K), 6 survivors (6144K)
 Metaspace       used 20738K, capacity 21342K, committed 21632K, reserved 1069056K
  class space    used 2365K, capacity 2634K, committed 2688K, reserved 1048576K
}
Event: 25.610 GC heap before
{Heap before GC invocations=17 (full 0):
 garbage-first heap   total 229376K, used 148048K [0x00000000c0000000, 0x0000000100000000)
  region size 1024K, 11 young (11264K), 6 survivors (6144K)
 Metaspace       used 21102K, capacity 21666K, committed 21888K, reserved 1069056K
  class space    used 2425K, capacity 2676K, committed 2688K, reserved 1048576K
}
Event: 25.624 GC heap after
{Heap after GC invocations=18 (full 0):
 garbage-first heap   total 229376K, used 134634K [0x00000000c0000000, 0x0000000100000000)
  region size 1024K, 2 young (2048K), 2 survivors (2048K)
 Metaspace       used 21102K, capacity 21666K, committed 21888K, reserved 1069056K
  class space    used 2425K, capacity 2676K, committed 2688K, reserved 1048576K
}
Event: 25.931 GC heap before
{Heap before GC invocations=18 (full 0):
 garbage-first heap   total 229376K, used 175594K [0x00000000c0000000, 0x0000000100000000)
  region size 1024K, 42 young (43008K), 2 survivors (2048K)
 Metaspace       used 22231K, capacity 22881K, committed 23168K, reserved 1069056K
  class space    used 2571K, capacity 2833K, committed 2944K, reserved 1048576K
}
Event: 25.936 GC heap after
{Heap after GC invocations=19 (full 0):
 garbage-first heap   total 229376K, used 135426K [0x00000000c0000000, 0x0000000100000000)
  region size 1024K, 2 young (2048K), 2 survivors (2048K)
 Metaspace       used 22231K, capacity 22881K, committed 23168K, reserved 1069056K
  class space    used 2571K, capacity 2833K, committed 2944K, reserved 1048576K
}
Event: 26.293 GC heap before
{Heap before GC invocations=20 (full 0):
 garbage-first heap   total 229376K, used 178434K [0x00000000c0000000, 0x0000000100000000)
  region size 1024K, 44 young (45056K), 2 survivors (2048K)
 Metaspace       used 22854K, capacity 23331K, committed 23936K, reserved 1071104K
  class space    used 2535K, capacity 2761K, committed 2944K, reserved 1048576K
}

